<?xml version="1.0" encoding="UTF-8"?>
<testng-results ignored="0" total="1" passed="1" failed="0" skipped="0">
  <reporter-output>
  </reporter-output>
  <suite started-at="2024-07-31T13:57:06 EDT" name="Default suite" finished-at="2024-07-31T13:57:52 EDT" duration-ms="46240">
    <groups>
    </groups>
    <test started-at="2024-07-31T13:57:06 EDT" name="Default test" finished-at="2024-07-31T13:57:52 EDT" duration-ms="46240">
      <class name="Tests.LindaNavTest">
        <test-method is-config="true" signature="setUp()[pri:0, instance:Tests.LindaNavTest@71d44a3]" started-at="2024-07-31T13:57:06 EDT" name="setUp" finished-at="2024-07-31T13:57:15 EDT" duration-ms="9127" status="PASS">
          <reporter-output>
          </reporter-output>
        </test-method> <!-- setUp -->
        <test-method signature="testHeyLindaApp()[pri:0, instance:Tests.LindaNavTest@71d44a3]" started-at="2024-07-31T13:57:15 EDT" name="testHeyLindaApp" finished-at="2024-07-31T13:57:52 EDT" duration-ms="36987" status="PASS">
          <reporter-output>
          </reporter-output>
        </test-method> <!-- testHeyLindaApp -->
        <test-method is-config="true" signature="tearDown()[pri:0, instance:Tests.LindaNavTest@71d44a3]" started-at="2024-07-31T13:57:52 EDT" name="tearDown" finished-at="2024-07-31T13:57:52 EDT" duration-ms="95" status="PASS">
          <reporter-output>
          </reporter-output>
        </test-method> <!-- tearDown -->
      </class> <!-- Tests.LindaNavTest -->
    </test> <!-- Default test -->
  </suite> <!-- Default suite -->
</testng-results>
