<?xml version="1.0" encoding="UTF-8"?>
<!-- Generated by org.testng.reporters.JUnitXMLReporter -->
<testsuite ignored="0" hostname="DESKTOP-MT1FCIP" failures="0" tests="4" name="FuntionalTest" time="0.078" errors="0" timestamp="2024-08-07T21:39:19 EDT">
  <testcase classname="Tests.NewTestLindaApp" name="@BeforeTest Appsetup" time="0.019">
    <failure type="java.lang.NullPointerException" message="Cannot invoke &amp;quot;io.appium.java_client.android.AndroidDriver.manage()&amp;quot; because &amp;quot;this.driver&amp;quot; is null">
      <![CDATA[java.lang.NullPointerException: Cannot invoke "io.appium.java_client.android.AndroidDriver.manage()" because "this.driver" is null
at Tests.NewTestLindaApp.Appsetup(NewTestLindaApp.java:28)
... Removed 24 stack frames]]>
    </failure>
  </testcase> <!-- @BeforeTest Appsetup -->
  <testcase classname="Utils.BasicTestDevice" name="@BeforeTest Appsetup" time="0.0">
    <skipped/>
  </testcase> <!-- @BeforeTest Appsetup -->
  <testcase classname="Tests.TrackProgressTest" name="@BeforeClass setUp" time="0.0">
    <skipped/>
  </testcase> <!-- @BeforeClass setUp -->
  <testcase classname="Tests.TrackProgressTest" name="@AfterClass tearDown" time="0.0">
    <skipped/>
  </testcase> <!-- @AfterClass tearDown -->
  <testcase classname="Tests.LindaNavTest" name="@BeforeClass setUp" time="0.0">
    <skipped/>
  </testcase> <!-- @BeforeClass setUp -->
  <testcase classname="Tests.LindaNavTest" name="@AfterClass tearDown" time="0.0">
    <skipped/>
  </testcase> <!-- @AfterClass tearDown -->
  <testcase classname="Tests.NewTestLindaApp" name="@AfterTest teardown" time="0.0">
    <skipped/>
  </testcase> <!-- @AfterTest teardown -->
  <testcase classname="Utils.BasicTestDevice" name="@AfterTest teardown" time="0.0">
    <skipped/>
  </testcase> <!-- @AfterTest teardown -->
  <testcase classname="Tests.EmulatorTest" name="test1" time="0.0">
    <skipped/>
  </testcase> <!-- test1 -->
  <testcase classname="Tests.TrackProgressTest" name="testHeyLindaApp" time="0.0">
    <skipped/>
  </testcase> <!-- testHeyLindaApp -->
  <testcase classname="Tests.NewTestLindaApp" name="testHeyLindaApp" time="0.0">
    <skipped/>
  </testcase> <!-- testHeyLindaApp -->
  <testcase classname="Tests.LindaNavTest" name="testHeyLindaApp" time="0.0">
    <skipped/>
  </testcase> <!-- testHeyLindaApp -->
</testsuite> <!-- FuntionalTest -->
